
-----
Test: tests/test_buy_product.py::test_select_product_1 (call)
Start time: 2022-10-19 11:53:17.475224
Start name method: authorozation

End time: 2022-10-19 11:53:19.427813
End name method: authorozation
URL: https://www.saucedemo.com/inventory.html

-----

-----
Test: tests/test_buy_product.py::test_select_product_1 (call)
Start time: 2022-10-19 11:53:19.428812
Start name method: select_products_1

End time: 2022-10-19 11:53:19.925783
End name method: select_products_1
URL: https://www.saucedemo.com/cart.html

-----

-----
Test: tests/test_buy_product.py::test_select_product_1 (call)
Start time: 2022-10-19 11:53:19.927783
Start name method: prouct_confirmation

End time: 2022-10-19 11:53:20.044852
End name method: prouct_confirmation
URL: https://www.saucedemo.com/checkout-step-one.html

-----

-----
Test: tests/test_buy_product.py::test_select_product_1 (call)
Start time: 2022-10-19 11:53:20.046854
Start name method: input_information

End time: 2022-10-19 11:53:20.601172
End name method: input_information
URL: https://www.saucedemo.com/checkout-step-two.html

-----

-----
Test: tests/test_buy_product.py::test_select_product_1 (call)
Start time: 2022-10-19 11:53:20.603174
Start name method: payment

End time: 2022-10-19 11:53:20.750086
End name method: payment
URL: https://www.saucedemo.com/checkout-complete.html

-----

-----
Test: tests/test_buy_product.py::test_select_product_1 (call)
Start time: 2022-10-19 11:53:20.752087
Start name method: finish

End time: 2022-10-19 11:53:20.978062
End name method: finish
URL: https://www.saucedemo.com/checkout-complete.html

-----
